<?xml version="1.0" encoding="UTF-8"?>
<testsuite xmlns:xsi="http://www.w3.org/2001/XMLSchema-instance" xsi:noNamespaceSchemaLocation="https://maven.apache.org/surefire/maven-surefire-plugin/xsd/surefire-test-report.xsd" version="3.0.1" name="com.linkedin.learning.otra_reunion_mas.AppTest" time="0.023" tests="1" errors="0" skipped="0" failures="0">
  <properties>
    <property name="awt.toolkit" value="sun.awt.X11.XToolkit"/>
    <property name="file.encoding.pkg" value="sun.io"/>
    <property name="java.specification.version" value="1.8"/>
    <property name="sun.cpu.isalist" value=""/>
    <property name="sun.jnu.encoding" value="UTF-8"/>
    <property name="java.class.path" value="/home/franklin/cursos/curso-java-mapeo-objeto-relacional-esencial/otra-reunion-mas/otra-reunion-mas/target/test-classes:/home/franklin/cursos/curso-java-mapeo-objeto-relacional-esencial/otra-reunion-mas/otra-reunion-mas/target/classes:/home/franklin/.m2/repository/org/hibernate/orm/hibernate-agroal/7.0.8.Final/hibernate-agroal-7.0.8.Final.jar:/home/franklin/.m2/repository/org/jboss/logging/jboss-logging/3.6.1.Final/jboss-logging-3.6.1.Final.jar:/home/franklin/.m2/repository/org/hibernate/orm/hibernate-core/7.0.8.Final/hibernate-core-7.0.8.Final.jar:/home/franklin/.m2/repository/jakarta/persistence/jakarta.persistence-api/3.2.0/jakarta.persistence-api-3.2.0.jar:/home/franklin/.m2/repository/jakarta/transaction/jakarta.transaction-api/2.0.1/jakarta.transaction-api-2.0.1.jar:/home/franklin/.m2/repository/org/hibernate/models/hibernate-models/1.0.0/hibernate-models-1.0.0.jar:/home/franklin/.m2/repository/com/fasterxml/classmate/1.7.0/classmate-1.7.0.jar:/home/franklin/.m2/repository/net/bytebuddy/byte-buddy/1.17.5/byte-buddy-1.17.5.jar:/home/franklin/.m2/repository/jakarta/xml/bind/jakarta.xml.bind-api/4.0.2/jakarta.xml.bind-api-4.0.2.jar:/home/franklin/.m2/repository/jakarta/activation/jakarta.activation-api/2.1.3/jakarta.activation-api-2.1.3.jar:/home/franklin/.m2/repository/org/glassfish/jaxb/jaxb-runtime/4.0.5/jaxb-runtime-4.0.5.jar:/home/franklin/.m2/repository/org/glassfish/jaxb/jaxb-core/4.0.5/jaxb-core-4.0.5.jar:/home/franklin/.m2/repository/org/eclipse/angus/angus-activation/2.0.2/angus-activation-2.0.2.jar:/home/franklin/.m2/repository/org/glassfish/jaxb/txw2/4.0.5/txw2-4.0.5.jar:/home/franklin/.m2/repository/com/sun/istack/istack-commons-runtime/4.1.2/istack-commons-runtime-4.1.2.jar:/home/franklin/.m2/repository/jakarta/inject/jakarta.inject-api/2.0.1/jakarta.inject-api-2.0.1.jar:/home/franklin/.m2/repository/org/antlr/antlr4-runtime/4.13.2/antlr4-runtime-4.13.2.jar:/home/franklin/.m2/repository/io/agroal/agroal-api/2.5/agroal-api-2.5.jar:/home/franklin/.m2/repository/com/mysql/mysql-connector-j/8.0.33/mysql-connector-j-8.0.33.jar:/home/franklin/.m2/repository/com/google/protobuf/protobuf-java/3.21.9/protobuf-java-3.21.9.jar:/home/franklin/.m2/repository/org/junit/jupiter/junit-jupiter-api/5.11.0/junit-jupiter-api-5.11.0.jar:/home/franklin/.m2/repository/org/opentest4j/opentest4j/1.3.0/opentest4j-1.3.0.jar:/home/franklin/.m2/repository/org/junit/platform/junit-platform-commons/1.11.0/junit-platform-commons-1.11.0.jar:/home/franklin/.m2/repository/org/apiguardian/apiguardian-api/1.1.2/apiguardian-api-1.1.2.jar:/home/franklin/.m2/repository/org/junit/jupiter/junit-jupiter-params/5.11.0/junit-jupiter-params-5.11.0.jar:"/>
    <property name="java.vm.vendor" value="Oracle Corporation"/>
    <property name="sun.arch.data.model" value="64"/>
    <property name="java.vendor.url" value="http://java.oracle.com/"/>
    <property name="user.timezone" value=""/>
    <property name="java.vm.specification.version" value="1.8"/>
    <property name="os.name" value="Linux"/>
    <property name="user.country" value="ES"/>
    <property name="sun.java.launcher" value="SUN_STANDARD"/>
    <property name="sun.boot.library.path" value="/home/franklin/Standalone/Java/jdk1.8.0_202/jre/lib/amd64"/>
    <property name="sun.java.command" value="/home/franklin/cursos/curso-java-mapeo-objeto-relacional-esencial/otra-reunion-mas/otra-reunion-mas/target/surefire/surefirebooter-20250728175232610_3.jar /home/franklin/cursos/curso-java-mapeo-objeto-relacional-esencial/otra-reunion-mas/otra-reunion-mas/target/surefire 2025-07-28T17-52-32_535-jvmRun1 surefire-20250728175232610_1tmp surefire_0-20250728175232610_2tmp"/>
    <property name="surefire.test.class.path" value="/home/franklin/cursos/curso-java-mapeo-objeto-relacional-esencial/otra-reunion-mas/otra-reunion-mas/target/test-classes:/home/franklin/cursos/curso-java-mapeo-objeto-relacional-esencial/otra-reunion-mas/otra-reunion-mas/target/classes:/home/franklin/.m2/repository/org/hibernate/orm/hibernate-agroal/7.0.8.Final/hibernate-agroal-7.0.8.Final.jar:/home/franklin/.m2/repository/org/jboss/logging/jboss-logging/3.6.1.Final/jboss-logging-3.6.1.Final.jar:/home/franklin/.m2/repository/org/hibernate/orm/hibernate-core/7.0.8.Final/hibernate-core-7.0.8.Final.jar:/home/franklin/.m2/repository/jakarta/persistence/jakarta.persistence-api/3.2.0/jakarta.persistence-api-3.2.0.jar:/home/franklin/.m2/repository/jakarta/transaction/jakarta.transaction-api/2.0.1/jakarta.transaction-api-2.0.1.jar:/home/franklin/.m2/repository/org/hibernate/models/hibernate-models/1.0.0/hibernate-models-1.0.0.jar:/home/franklin/.m2/repository/com/fasterxml/classmate/1.7.0/classmate-1.7.0.jar:/home/franklin/.m2/repository/net/bytebuddy/byte-buddy/1.17.5/byte-buddy-1.17.5.jar:/home/franklin/.m2/repository/jakarta/xml/bind/jakarta.xml.bind-api/4.0.2/jakarta.xml.bind-api-4.0.2.jar:/home/franklin/.m2/repository/jakarta/activation/jakarta.activation-api/2.1.3/jakarta.activation-api-2.1.3.jar:/home/franklin/.m2/repository/org/glassfish/jaxb/jaxb-runtime/4.0.5/jaxb-runtime-4.0.5.jar:/home/franklin/.m2/repository/org/glassfish/jaxb/jaxb-core/4.0.5/jaxb-core-4.0.5.jar:/home/franklin/.m2/repository/org/eclipse/angus/angus-activation/2.0.2/angus-activation-2.0.2.jar:/home/franklin/.m2/repository/org/glassfish/jaxb/txw2/4.0.5/txw2-4.0.5.jar:/home/franklin/.m2/repository/com/sun/istack/istack-commons-runtime/4.1.2/istack-commons-runtime-4.1.2.jar:/home/franklin/.m2/repository/jakarta/inject/jakarta.inject-api/2.0.1/jakarta.inject-api-2.0.1.jar:/home/franklin/.m2/repository/org/antlr/antlr4-runtime/4.13.2/antlr4-runtime-4.13.2.jar:/home/franklin/.m2/repository/io/agroal/agroal-api/2.5/agroal-api-2.5.jar:/home/franklin/.m2/repository/com/mysql/mysql-connector-j/8.0.33/mysql-connector-j-8.0.33.jar:/home/franklin/.m2/repository/com/google/protobuf/protobuf-java/3.21.9/protobuf-java-3.21.9.jar:/home/franklin/.m2/repository/org/junit/jupiter/junit-jupiter-api/5.11.0/junit-jupiter-api-5.11.0.jar:/home/franklin/.m2/repository/org/opentest4j/opentest4j/1.3.0/opentest4j-1.3.0.jar:/home/franklin/.m2/repository/org/junit/platform/junit-platform-commons/1.11.0/junit-platform-commons-1.11.0.jar:/home/franklin/.m2/repository/org/apiguardian/apiguardian-api/1.1.2/apiguardian-api-1.1.2.jar:/home/franklin/.m2/repository/org/junit/jupiter/junit-jupiter-params/5.11.0/junit-jupiter-params-5.11.0.jar:"/>
    <property name="sun.cpu.endian" value="little"/>
    <property name="user.home" value="/home/franklin"/>
    <property name="user.language" value="es"/>
    <property name="java.specification.vendor" value="Oracle Corporation"/>
    <property name="java.home" value="/home/franklin/Standalone/Java/jdk1.8.0_202/jre"/>
    <property name="basedir" value="/home/franklin/cursos/curso-java-mapeo-objeto-relacional-esencial/otra-reunion-mas/otra-reunion-mas"/>
    <property name="style.color" value="always"/>
    <property name="file.separator" value="/"/>
    <property name="line.separator" value="&#10;"/>
    <property name="java.vm.specification.vendor" value="Oracle Corporation"/>
    <property name="java.specification.name" value="Java Platform API Specification"/>
    <property name="java.awt.graphicsenv" value="sun.awt.X11GraphicsEnvironment"/>
    <property name="surefire.real.class.path" value="/home/franklin/cursos/curso-java-mapeo-objeto-relacional-esencial/otra-reunion-mas/otra-reunion-mas/target/surefire/surefirebooter-20250728175232610_3.jar"/>
    <property name="sun.boot.class.path" value="/home/franklin/Standalone/Java/jdk1.8.0_202/jre/lib/resources.jar:/home/franklin/Standalone/Java/jdk1.8.0_202/jre/lib/rt.jar:/home/franklin/Standalone/Java/jdk1.8.0_202/jre/lib/sunrsasign.jar:/home/franklin/Standalone/Java/jdk1.8.0_202/jre/lib/jsse.jar:/home/franklin/Standalone/Java/jdk1.8.0_202/jre/lib/jce.jar:/home/franklin/Standalone/Java/jdk1.8.0_202/jre/lib/charsets.jar:/home/franklin/Standalone/Java/jdk1.8.0_202/jre/lib/jfr.jar:/home/franklin/Standalone/Java/jdk1.8.0_202/jre/classes"/>
    <property name="sun.management.compiler" value="HotSpot 64-Bit Tiered Compilers"/>
    <property name="java.runtime.version" value="1.8.0_202-b08"/>
    <property name="user.name" value="franklin"/>
    <property name="path.separator" value=":"/>
    <property name="os.version" value="6.8.1-1-default"/>
    <property name="java.endorsed.dirs" value="/home/franklin/Standalone/Java/jdk1.8.0_202/jre/lib/endorsed"/>
    <property name="java.runtime.name" value="Java(TM) SE Runtime Environment"/>
    <property name="file.encoding" value="UTF-8"/>
    <property name="java.vm.name" value="Java HotSpot(TM) 64-Bit Server VM"/>
    <property name="localRepository" value="/home/franklin/.m2/repository"/>
    <property name="java.vendor.url.bug" value="http://bugreport.sun.com/bugreport/"/>
    <property name="java.io.tmpdir" value="/tmp"/>
    <property name="java.version" value="1.8.0_202"/>
    <property name="user.dir" value="/home/franklin/cursos/curso-java-mapeo-objeto-relacional-esencial/otra-reunion-mas/otra-reunion-mas"/>
    <property name="os.arch" value="amd64"/>
    <property name="java.vm.specification.name" value="Java Virtual Machine Specification"/>
    <property name="java.awt.printerjob" value="sun.print.PSPrinterJob"/>
    <property name="sun.os.patch.level" value="unknown"/>
    <property name="java.library.path" value="/usr/java/packages/lib/amd64:/usr/lib64:/lib64:/lib:/usr/lib"/>
    <property name="java.vm.info" value="mixed mode"/>
    <property name="java.vendor" value="Oracle Corporation"/>
    <property name="java.vm.version" value="25.202-b08"/>
    <property name="java.ext.dirs" value="/home/franklin/Standalone/Java/jdk1.8.0_202/jre/lib/ext:/usr/java/packages/lib/ext"/>
    <property name="sun.io.unicode.encoding" value="UnicodeLittle"/>
    <property name="java.class.version" value="52.0"/>
  </properties>
  <testcase name="shouldAnswerWithTrue" classname="com.linkedin.learning.otra_reunion_mas.AppTest" time="0.012"/>
</testsuite>